<?xml version="1.0" encoding="UTF-8"?>
<testng-results skipped="0" failed="0" ignored="0" total="2" passed="2">
  <reporter-output>
  </reporter-output>
  <suite name="Suite" duration-ms="88989" started-at="2020-03-11T12:52:52Z" finished-at="2020-03-11T12:54:21Z">
    <groups>
      <group name="cucumber">
        <method signature="RunnerOne.feature(cucumber.api.testng.CucumberFeatureWrapper)[pri:0, instance:RunnerOne@d82709]" name="feature" class="RunnerOne"/>
        <method signature="RunnerTwo.feature(cucumber.api.testng.CucumberFeatureWrapper)[pri:0, instance:RunnerTwo@1322f9d]" name="feature" class="RunnerTwo"/>
      </group> <!-- cucumber -->
    </groups>
    <test name="Test" duration-ms="88989" started-at="2020-03-11T12:52:52Z" finished-at="2020-03-11T12:54:21Z">
      <class name="RunnerTwo">
        <test-method status="PASS" signature="setUpClass()[pri:0, instance:RunnerTwo@1322f9d]" name="setUpClass" is-config="true" duration-ms="977" started-at="2020-03-11T12:52:52Z" finished-at="2020-03-11T12:52:53Z">
          <reporter-output>
          </reporter-output>
        </test-method> <!-- setUpClass -->
        <test-method status="PASS" signature="feature(cucumber.api.testng.CucumberFeatureWrapper)[pri:0, instance:RunnerTwo@1322f9d]" name="feature" duration-ms="87622" started-at="2020-03-11T12:52:53Z" description="Runs Cucumber Feature" data-provider="getfeatures" finished-at="2020-03-11T12:54:21Z">
          <params>
            <param index="0">
              <value>
                <![CDATA[Guru99 Secondary Testing]]>
              </value>
            </param>
          </params>
          <reporter-output>
          </reporter-output>
        </test-method> <!-- feature -->
        <test-method status="PASS" signature="tearDownClass()[pri:0, instance:RunnerTwo@1322f9d]" name="tearDownClass" is-config="true" duration-ms="54" started-at="2020-03-11T12:54:21Z" finished-at="2020-03-11T12:54:21Z">
          <reporter-output>
          </reporter-output>
        </test-method> <!-- tearDownClass -->
      </class> <!-- RunnerTwo -->
      <class name="RunnerOne">
        <test-method status="PASS" signature="setUpClass()[pri:0, instance:RunnerOne@d82709]" name="setUpClass" is-config="true" duration-ms="977" started-at="2020-03-11T12:52:52Z" finished-at="2020-03-11T12:52:53Z">
          <reporter-output>
          </reporter-output>
        </test-method> <!-- setUpClass -->
        <test-method status="PASS" signature="feature(cucumber.api.testng.CucumberFeatureWrapper)[pri:0, instance:RunnerOne@d82709]" name="feature" duration-ms="86551" started-at="2020-03-11T12:52:53Z" description="Runs Cucumber Feature" data-provider="getfeatures" finished-at="2020-03-11T12:54:20Z">
          <params>
            <param index="0">
              <value>
                <![CDATA[Guru99 Primary Testing]]>
              </value>
            </param>
          </params>
          <reporter-output>
          </reporter-output>
        </test-method> <!-- feature -->
        <test-method status="PASS" signature="tearDownClass()[pri:0, instance:RunnerOne@d82709]" name="tearDownClass" is-config="true" duration-ms="245" started-at="2020-03-11T12:54:20Z" finished-at="2020-03-11T12:54:20Z">
          <reporter-output>
          </reporter-output>
        </test-method> <!-- tearDownClass -->
      </class> <!-- RunnerOne -->
    </test> <!-- Test -->
  </suite> <!-- Suite -->
</testng-results>
